<?xml version="1.0" encoding="UTF-8"?>
<!-- Generated by org.testng.reporters.JUnitReportReporter -->
<testsuite hostname="sathish" failures="0" tests="3" name="testng.Cross_Browser_Testing" time="22.541" errors="0" timestamp="2022-02-22T01:21:45 SGT" skipped="0">
  <testcase classname="testng.Cross_Browser_Testing" name="f" time="8.070"/>
  <system-out/>
  <testcase classname="testng.Cross_Browser_Testing" name="f" time="7.222"/>
  <system-out/>
  <testcase classname="testng.Cross_Browser_Testing" name="f" time="7.249"/>
  <system-out/>
</testsuite> <!-- testng.Cross_Browser_Testing -->
