<?xml version="1.0" encoding="UTF-8"?>
<!-- Generated by org.testng.reporters.JUnitReportReporter -->
<testsuite hostname="sathish" failures="0" tests="4" name="testng.Groupsample" time="0.016" errors="0" timestamp="2022-02-22T00:38:35 SGT" skipped="0">
  <testcase classname="testng.Groupsample" name="g" time="0.001"/>
  <system-out/>
  <testcase classname="testng.Groupsample" name="f" time="0.001"/>
  <system-out/>
  <testcase classname="testng.Groupsample" name="b" time="0.001"/>
  <system-out/>
  <testcase classname="testng.Groupsample" name="a" time="0.013"/>
  <system-out/>
</testsuite> <!-- testng.Groupsample -->
