<?xml version="1.0" encoding="UTF-8"?>
<!-- Generated by org.testng.reporters.JUnitReportReporter -->
<testsuite hostname="sathish" failures="0" tests="3" name="testng.FB_dataprovider" time="15.589" errors="0" timestamp="2022-02-21T23:13:35 SGT" skipped="0">
  <testcase classname="testng.FB_dataprovider" name="f" time="5.153"/>
  <system-out/>
  <testcase classname="testng.FB_dataprovider" name="f" time="5.217"/>
  <system-out/>
  <testcase classname="testng.FB_dataprovider" name="f" time="5.219"/>
  <system-out/>
</testsuite> <!-- testng.FB_dataprovider -->
