<?xml version="1.0" encoding="UTF-8"?>
<!-- Generated by org.testng.reporters.JUnitReportReporter -->
<testsuite hostname="sathish" failures="0" tests="1" name="testng.FB_Login" time="10.211" errors="0" timestamp="2022-02-21T21:36:23 SGT" skipped="0">
  <testcase classname="testng.FB_Login" name="f" time="10.211"/>
  <system-out/>
</testsuite> <!-- testng.FB_Login -->
